bag 10 [11]: Dwarven Gear, Flat
bag 10 [18]: Hedge, Solid Arc
bag 10 [1]: Traveler's Boots
bag 10 [21]: Imperial Lantern, Wall
bag 10 [2]: Wrapped Shirt and Vest
bag 10 [3]: Traveler's Boots
bag 10 [4]: Traveler's Boots
bag 10 [5]: Traveler's Boots
bag 10 [6]: Stormfist Disguise
bag 10 [7]: Stitched Long Gloves
bag 10 [8]: Stitched Long Gloves
bag 10 [9]: Stitched Long Gloves
bag 11 [17]: Plume Dazzler
bag 11 [18]: Sailor's Warning Festival Grog
bag 11 [1]: Cherry Blossom Twig
bag 11 [20]: Sparkwreath Dazzler
bag 11 [21]: Spiral Dazzler
bag 11 [27]: Dominion Battering Ram
bag 11 [2]: Disposable Juggling Knives
bag 11 [5]: Disposable Swallower's Sword
bag 11 [8]: Fire-Breather's Oil Bun
bag 12 [29]: Saplings, Burnt Cluster
bag 12 [48]: Branch, Curved Laurel
bag 12 [49]: Branch, Forked Burnt
bag 12 [50]: Branch, Forked Laurel
bag 13 [10]: Painting of Summer, Sturdy
bag 13 [11]: Painting of Winter, Bolted
bag 13 [15]: Ashlander Knife, Cheese
bag 13 [17]: Breton Mug, Full
bag 13 [18]: Banner, Clavicus Vile
bag 13 [23]: Soft Leather, Folded
bag 13 [33]: Banner, Malacath
bag 13 [49]: Spool, Empty
bag 13 [50]: Imperial Well, Akatosh
bag 13 [5]: Painting of Jungle, Sturdy
bag 14 [10]: Coral Formation, Bulwark
bag 14 [17]: Coral Formation, Pillar Polyps
bag 14 [18]: Coral, Sun
bag 14 [1]: Gravestone, Broken
bag 14 [21]: Fish, Salmon
bag 14 [26]: Pearl, Enormous
bag 14 [28]: Plant, Pearlwort
bag 14 [29]: Plant, Sea Grapes
bag 14 [31]: Plants, Pearlwort Cluster
bag 14 [33]: Plants, Ruby Glasswort Patch
bag 14 [36]: Seashell, Sandcake
bag 14 [37]: Kelp, Green Pile
bag 14 [3]: Coral Formation, Ancient Pillar Polyps
bag 14 [43]: Saplings, Burnt Tall
bag 14 [48]: Clockwork Orrery, Intricate
bag 7 [6]: Pact Battering Ram
bag 7 [8]: Pact Firepot Trebuchet
bag 8 [27]: Banner, Jester's Standard
bag 8 [42]: Nocturnal, Mistress of Shadows
bag 8 [6]: Imperial Lightpost, Stone
bag 9 [10]: Fingerless Gauntlets
bag 9 [12]: Fingerless Gloves
bag 9 [13]: Long-sleeved Wrapped Shirt
bag 9 [14]: Loose-Fit Trousers
bag 9 [15]: Plain Sandals
bag 9 [16]: Plain Sandals
bag 9 [17]: Plain Sandals
bag 9 [18]: Sea Viper Armor
bag 9 [19]: Servant's Outfit
bag 9 [1]: Aproned Shirt
bag 9 [20]: Shadowsilk Gem
bag 9 [21]: Short-sleeved Tunic
bag 9 [22]: Short-sleeved Tunic
bag 9 [23]: Side-Stitched Trousers
bag 9 [24]: Side-Stitched Trousers
bag 9 [25]: Sleeveless Wrapped Shirt
bag 9 [26]: Sleeveless Wrapped Shirt
bag 9 [27]: Steel Shrike Uniform
bag 9 [28]: Stitched Long Gloves
bag 9 [29]: Stitched Long Gloves
bag 9 [2]: Bloodthorn Disguise
bag 9 [3]: Corseted Long Dress
bag 9 [4]: Corseted Long Dress
bag 9 [5]: Cuffed Boots
bag 9 [6]: Cuffed Boots
bag 9 [7]: Cuffed Boots
bag 9 [8]: Dunmer Cultural Garb
bag 9 [9]: Fingerless Gauntlets
collectible [1300]: Trophy: Domihaus
collectible [28]: Vermilion Scuttler
collectible [300]: Pirharri the Smuggler
collectible [4664]: Revolving Celestiodrome
collectible [4673]: Storage Coffer, Fortified
collectible [5176]: Daemon Cockerel
collectible [5539]: Augur of the Obscure
collectible [740]: Arctic Fennec Fox
collectible [7]: Nibenay Mudcrab
House 28 [4]: Firelogs, Ashen
House 28 [7]: Painting of Swamp, Refined
House 29 [2]: Rough Candle, Pillar
House 30 [148]: Scroll, Rolled
House 30 [149]: Scroll, Bound
House 30 [15]: Rough Candle, Tealight
House 30 [172]: Dark Elf Bed of Coals
House 30 [183]: Plaque, Large
House 30 [208]: Common Soul Gem, Empty
House 30 [211]: Bounty Sheet: Orc Female
House 30 [33]: Tree, Young Green Birch
House 30 [3]: Dye Station
house 46 [124]: Tree, Strong Olive
house 46 [128]: Tree, Kvatch Nut
house 46 [135]: Stone, Anvil Limestone
house 46 [137]: Rock, Anvil Limestone
house 46 [140]: Imperial Statue, Truth
house 46 [146]: Firelogs, Flaming
house 46 [23]: Seashell, Starfish
house 46 [532]: Outfit Station
house 46 [656]: Plaque, Standard
house 46 [683]: Music Box, Blood and Glory
house 46 [78]: Statue of Azura, Queen of Dawn and Dusk
house 46 [79]: Statue of Azura's Moon
house 46 [80]: Statue of Azura's Sun
house 46 [83]: The Five Points of the Star
House 47 [11]: Seal of Molag Bal
House 47 [13]: Daedra Dossier: Cold-Flame Atronach
House 47 [14]: Transliminal Rupture
House 47 [156]: Coldharbour Glowstalk, Sprout
House 47 [19]: Shrub, Glowing Thistle
House 47 [28]: Coldharbour Glowstalk, Seedlings
House 47 [32]: Sapling, Petrified Ashen
House 47 [39]: Coldharbour Glowstalk, Strong
House 47 [4]: Coldharbour Bookshelf, Filled Pillar
House 47 [5]: Coldharbour Bookshelf, Filled Wide
House 47 [6]: Coldharbour Bookshelf, Filled
House 47 [7]: Coldharbour Bookshelf, Black Laboratory
House 60 [26]: Coral Formation, Fan Cluster
House 62 [1]: Grand Psijic Villa
House 9 [145]: Daedric Brazier, Flaming
House 9 [146]: Banner of Azura
House 9 [148]: Tapestry of Azura
House 9 [154]: Imperial Brazier, Firepot
House 9 [165]: Rough Axe, Practical
House 9 [173]: The Precursor
House 9 [193]: Common Campfire, Outdoor
House 9 [201]: Statue of Malacath, Orc-Father
House 9 [202]: Imperial Pillar, Straight
House 9 [25]: Fish, Bass
House 9 [264]: Sithis, The Dread Father
House 9 [26]: Seashell, Pink Scallop
House 9 [318]: Velothi Caisson, Crypt
House 9 [31]: Fish, Trout
House 9 [32]: Seashell, Noble Starfish
House 9 [34]: Seashell, White Scallop
House 9 [56]: Firelogs, Charred
